The system is: Windows - 10.0.19043 - AMD64
Compiling the C compiler identification source file "CMakeCCompilerId.c" succeeded.
Compiler: D:/VisualStudio/VS2019/VC/Tools/MSVC/14.29.30037/bin/Hostx86/x86/cl.exe 
Build flags: 
Id flags:  

The output was:
0
用于 x86 的 Microsoft (R) C/C++ 优化编译器 19.29.30038.1 版
版权所有(C) Microsoft Corporation。保留所有权利。

CMakeCCompilerId.c
Microsoft (R) Incremental Linker Version 14.29.30038.1
Copyright (C) Microsoft Corporation.  All rights reserved.

/out:CMakeCCompilerId.exe 
CMakeCCompilerId.obj 


Compilation of the C compiler identification source "CMakeCCompilerId.c" produced "CMakeCCompilerId.exe"

Compilation of the C compiler identification source "CMakeCCompilerId.c" produced "CMakeCCompilerId.obj"

The C compiler identification is MSVC, found in "D:/CppDev/CppLearn/cmake-build-debug/CMakeFiles/3.19.2/CompilerIdC/CMakeCCompilerId.exe"

Compiling the CXX compiler identification source file "CMakeCXXCompilerId.cpp" succeeded.
Compiler: D:/VisualStudio/VS2019/VC/Tools/MSVC/14.29.30037/bin/Hostx86/x86/cl.exe 
Build flags: 
Id flags:  

The output was:
0
用于 x86 的 Microsoft (R) C/C++ 优化编译器 19.29.30038.1 版
版权所有(C) Microsoft Corporation。保留所有权利。

CMakeCXXCompilerId.cpp
Microsoft (R) Incremental Linker Version 14.29.30038.1
Copyright (C) Microsoft Corporation.  All rights reserved.

/out:CMakeCXXCompilerId.exe 
CMakeCXXCompilerId.obj 


Compilation of the CXX compiler identification source "CMakeCXXCompilerId.cpp" produced "CMakeCXXCompilerId.exe"

Compilation of the CXX compiler identification source "CMakeCXXCompilerId.cpp" produced "CMakeCXXCompilerId.obj"

The CXX compiler identification is MSVC, found in "D:/CppDev/CppLearn/cmake-build-debug/CMakeFiles/3.19.2/CompilerIdCXX/CMakeCXXCompilerId.exe"

Detecting C compiler ABI info compiled with the following output:
Change Dir: D:/CppDev/CppLearn/cmake-build-debug/CMakeFiles/CMakeTmp

Run Build Command(s):nmake /nologo cmTC_9307a\fast && 	D:\VisualStudio\VS2019\VC\Tools\MSVC\14.29.30037\bin\HostX86\x86\nmake.exe  -f CMakeFiles\cmTC_9307a.dir\build.make /nologo -L                  CMakeFiles\cmTC_9307a.dir\build
Building C object CMakeFiles/cmTC_9307a.dir/CMakeCCompilerABI.c.obj
	D:\VisualStudio\VS2019\VC\Tools\MSVC\14.29.30037\bin\Hostx86\x86\cl.exe @C:\Users\12784\AppData\Local\Temp\nm995B.tmp
CMakeCCompilerABI.c
Linking C executable cmTC_9307a.exe
	"D:\CLion 2021.1.3\bin\cmake\win\bin\cmake.exe" -E vs_link_exe --intdir=CMakeFiles\cmTC_9307a.dir --rc="D:\Windows Kits\10\bin\10.0.19041.0\x86\rc.exe" --mt="D:\Windows Kits\10\bin\10.0.19041.0\x86\mt.exe" --manifests -- D:\VisualStudio\VS2019\VC\Tools\MSVC\14.29.30037\bin\Hostx86\x86\link.exe /nologo @CMakeFiles\cmTC_9307a.dir\objects1.rsp @C:\Users\12784\AppData\Local\Temp\nm998B.tmp



Detecting CXX compiler ABI info compiled with the following output:
Change Dir: D:/CppDev/CppLearn/cmake-build-debug/CMakeFiles/CMakeTmp

Run Build Command(s):nmake /nologo cmTC_7af6a\fast && 	D:\VisualStudio\VS2019\VC\Tools\MSVC\14.29.30037\bin\HostX86\x86\nmake.exe  -f CMakeFiles\cmTC_7af6a.dir\build.make /nologo -L                  CMakeFiles\cmTC_7af6a.dir\build
Building CXX object CMakeFiles/cmTC_7af6a.dir/CMakeCXXCompilerABI.cpp.obj
	D:\VisualStudio\VS2019\VC\Tools\MSVC\14.29.30037\bin\Hostx86\x86\cl.exe @C:\Users\12784\AppData\Local\Temp\nm9B11.tmp
CMakeCXXCompilerABI.cpp
Linking CXX executable cmTC_7af6a.exe
	"D:\CLion 2021.1.3\bin\cmake\win\bin\cmake.exe" -E vs_link_exe --intdir=CMakeFiles\cmTC_7af6a.dir --rc="D:\Windows Kits\10\bin\10.0.19041.0\x86\rc.exe" --mt="D:\Windows Kits\10\bin\10.0.19041.0\x86\mt.exe" --manifests -- D:\VisualStudio\VS2019\VC\Tools\MSVC\14.29.30037\bin\Hostx86\x86\link.exe /nologo @CMakeFiles\cmTC_7af6a.dir\objects1.rsp @C:\Users\12784\AppData\Local\Temp\nm9B50.tmp



