Detecting C compiler ABI info failed to compile with the following output:
Change Dir: D:/C++/CppLearn/cmake-build-debug/CMakeFiles/CMakeTmp

Run Build Command(s):nmake -f Makefile /nologo cmTC_e7027\fast && 	D:\Visual\VC\Tools\MSVC\14.29.30133\bin\HostX86\x86\nmake.exe  -f CMakeFiles\cmTC_e7027.dir\build.make /nologo -L                  CMakeFiles\cmTC_e7027.dir\build

Building C object CMakeFiles/cmTC_e7027.dir/CMakeCCompilerABI.c.obj

	"D:\CLion 2021.2.2\bin\cmake\win\bin\cmake.exe" -E cmake_cl_compile_depends --dep-file=CMakeFiles\cmTC_e7027.dir\CMakeCCompilerABI.c.obj.d --working-dir=D:\C++\CppLearn\cmake-build-debug\CMakeFiles\CMakeTmp --filter-prefix="" -- D:\Visual\VC\Tools\MSVC\14.29.30133\bin\Hostx86\x86\cl.exe @C:\Users\12784\AppData\Local\Temp\nm907.tmp

NMAKE : fatal error U1077: “"D:\CLion 2021.2.2\bin\cmake\win\bin\cmake.exe"”: 返回代码“0xc0000409”

Stop.

NMAKE : fatal error U1077: “D:\Visual\VC\Tools\MSVC\14.29.30133\bin\HostX86\x86\nmake.exe”: 返回代码“0x2”

Stop.





Detecting CXX compiler ABI info failed to compile with the following output:
Change Dir: D:/C++/CppLearn/cmake-build-debug/CMakeFiles/CMakeTmp

Run Build Command(s):nmake -f Makefile /nologo cmTC_bfa79\fast && 	D:\Visual\VC\Tools\MSVC\14.29.30133\bin\HostX86\x86\nmake.exe  -f CMakeFiles\cmTC_bfa79.dir\build.make /nologo -L                  CMakeFiles\cmTC_bfa79.dir\build

Building CXX object CMakeFiles/cmTC_bfa79.dir/CMakeCXXCompilerABI.cpp.obj

	"D:\CLion 2021.2.2\bin\cmake\win\bin\cmake.exe" -E cmake_cl_compile_depends --dep-file=CMakeFiles\cmTC_bfa79.dir\CMakeCXXCompilerABI.cpp.obj.d --working-dir=D:\C++\CppLearn\cmake-build-debug\CMakeFiles\CMakeTmp --filter-prefix="" -- D:\Visual\VC\Tools\MSVC\14.29.30133\bin\Hostx86\x86\cl.exe @C:\Users\12784\AppData\Local\Temp\nm1451.tmp

NMAKE : fatal error U1077: “"D:\CLion 2021.2.2\bin\cmake\win\bin\cmake.exe"”: 返回代码“0xc0000409”

Stop.

NMAKE : fatal error U1077: “D:\Visual\VC\Tools\MSVC\14.29.30133\bin\HostX86\x86\nmake.exe”: 返回代码“0x2”

Stop.





Compiling the C compiler identification source file "CMakeCCompilerId.c" failed.
Compiler: D:/Visual/VC/Tools/MSVC/14.29.30133/bin/Hostx86/x86/cl.exe
Build flags: /DWIN32;/D_WINDOWS
Id flags:  

The output was:
系统找不到指定的文件。


Compiling the C compiler identification source file "CMakeCCompilerId.c" failed.
Compiler: D:/Visual/VC/Tools/MSVC/14.29.30133/bin/Hostx86/x86/cl.exe
Build flags: /DWIN32;/D_WINDOWS
Id flags: -c 

The output was:
系统找不到指定的文件。


Compiling the C compiler identification source file "CMakeCCompilerId.c" failed.
Compiler: D:/Visual/VC/Tools/MSVC/14.29.30133/bin/Hostx86/x86/cl.exe
Build flags: /DWIN32;/D_WINDOWS
Id flags: -Aa 

The output was:
系统找不到指定的文件。


Compiling the C compiler identification source file "CMakeCCompilerId.c" failed.
Compiler: D:/Visual/VC/Tools/MSVC/14.29.30133/bin/Hostx86/x86/cl.exe
Build flags: /DWIN32;/D_WINDOWS
Id flags: -D__CLASSIC_C__ 

The output was:
系统找不到指定的文件。


Compiling the C compiler identification source file "CMakeCCompilerId.c" failed.
Compiler: D:/Visual/VC/Tools/MSVC/14.29.30133/bin/Hostx86/x86/cl.exe
Build flags: /DWIN32;/D_WINDOWS
Id flags: --target=arm-arm-none-eabi;-mcpu=cortex-m3 

The output was:
系统找不到指定的文件。


Compiling the C compiler identification source file "CMakeCCompilerId.c" failed.
Compiler: D:/Visual/VC/Tools/MSVC/14.29.30133/bin/Hostx86/x86/cl.exe
Build flags: 
Id flags:  

The output was:
系统找不到指定的文件。


Compiling the C compiler identification source file "CMakeCCompilerId.c" failed.
Compiler: D:/Visual/VC/Tools/MSVC/14.29.30133/bin/Hostx86/x86/cl.exe
Build flags: 
Id flags: -c 

The output was:
系统找不到指定的文件。


Compiling the C compiler identification source file "CMakeCCompilerId.c" failed.
Compiler: D:/Visual/VC/Tools/MSVC/14.29.30133/bin/Hostx86/x86/cl.exe
Build flags: 
Id flags: -Aa 

The output was:
系统找不到指定的文件。


Compiling the C compiler identification source file "CMakeCCompilerId.c" failed.
Compiler: D:/Visual/VC/Tools/MSVC/14.29.30133/bin/Hostx86/x86/cl.exe
Build flags: 
Id flags: -D__CLASSIC_C__ 

The output was:
系统找不到指定的文件。


Compiling the C compiler identification source file "CMakeCCompilerId.c" failed.
Compiler: D:/Visual/VC/Tools/MSVC/14.29.30133/bin/Hostx86/x86/cl.exe
Build flags: 
Id flags: --target=arm-arm-none-eabi;-mcpu=cortex-m3 

The output was:
系统找不到指定的文件。


Checking whether the C compiler is IAR using "" did not match "IAR .+ Compiler":
Checking whether the C compiler is IAR using "" did not match "IAR .+ Compiler":
Compiling the CXX compiler identification source file "CMakeCXXCompilerId.cpp" failed.
Compiler: D:/Visual/VC/Tools/MSVC/14.29.30133/bin/Hostx86/x86/cl.exe
Build flags: /DWIN32;/D_WINDOWS;/GR;/EHsc
Id flags:  

The output was:
系统找不到指定的文件。


Compiling the CXX compiler identification source file "CMakeCXXCompilerId.cpp" failed.
Compiler: D:/Visual/VC/Tools/MSVC/14.29.30133/bin/Hostx86/x86/cl.exe
Build flags: /DWIN32;/D_WINDOWS;/GR;/EHsc
Id flags: -c 

The output was:
系统找不到指定的文件。


Compiling the CXX compiler identification source file "CMakeCXXCompilerId.cpp" failed.
Compiler: D:/Visual/VC/Tools/MSVC/14.29.30133/bin/Hostx86/x86/cl.exe
Build flags: /DWIN32;/D_WINDOWS;/GR;/EHsc
Id flags: --c++ 

The output was:
系统找不到指定的文件。


Compiling the CXX compiler identification source file "CMakeCXXCompilerId.cpp" failed.
Compiler: D:/Visual/VC/Tools/MSVC/14.29.30133/bin/Hostx86/x86/cl.exe
Build flags: /DWIN32;/D_WINDOWS;/GR;/EHsc
Id flags: --ec++ 

The output was:
系统找不到指定的文件。


Compiling the CXX compiler identification source file "CMakeCXXCompilerId.cpp" failed.
Compiler: D:/Visual/VC/Tools/MSVC/14.29.30133/bin/Hostx86/x86/cl.exe
Build flags: /DWIN32;/D_WINDOWS;/GR;/EHsc
Id flags: --target=arm-arm-none-eabi;-mcpu=cortex-m3 

The output was:
系统找不到指定的文件。


Compiling the CXX compiler identification source file "CMakeCXXCompilerId.cpp" failed.
Compiler: D:/Visual/VC/Tools/MSVC/14.29.30133/bin/Hostx86/x86/cl.exe
Build flags: 
Id flags:  

The output was:
系统找不到指定的文件。


Compiling the CXX compiler identification source file "CMakeCXXCompilerId.cpp" failed.
Compiler: D:/Visual/VC/Tools/MSVC/14.29.30133/bin/Hostx86/x86/cl.exe
Build flags: 
Id flags: -c 

The output was:
系统找不到指定的文件。


Compiling the CXX compiler identification source file "CMakeCXXCompilerId.cpp" failed.
Compiler: D:/Visual/VC/Tools/MSVC/14.29.30133/bin/Hostx86/x86/cl.exe
Build flags: 
Id flags: --c++ 

The output was:
系统找不到指定的文件。


Compiling the CXX compiler identification source file "CMakeCXXCompilerId.cpp" failed.
Compiler: D:/Visual/VC/Tools/MSVC/14.29.30133/bin/Hostx86/x86/cl.exe
Build flags: 
Id flags: --ec++ 

The output was:
系统找不到指定的文件。


Compiling the CXX compiler identification source file "CMakeCXXCompilerId.cpp" failed.
Compiler: D:/Visual/VC/Tools/MSVC/14.29.30133/bin/Hostx86/x86/cl.exe
Build flags: 
Id flags: --target=arm-arm-none-eabi;-mcpu=cortex-m3 

The output was:
系统找不到指定的文件。


Checking whether the CXX compiler is IAR using "" did not match "IAR .+ Compiler":
Checking whether the CXX compiler is IAR using "" did not match "IAR .+ Compiler":
Compiling the C compiler identification source file "CMakeCCompilerId.c" failed.
Compiler: D:/Visual/VC/Tools/MSVC/14.29.30133/bin/Hostx86/x86/cl.exe
Build flags: /DWIN32;/D_WINDOWS
Id flags:  

The output was:
系统找不到指定的文件。


Compiling the C compiler identification source file "CMakeCCompilerId.c" failed.
Compiler: D:/Visual/VC/Tools/MSVC/14.29.30133/bin/Hostx86/x86/cl.exe
Build flags: /DWIN32;/D_WINDOWS
Id flags: -c 

The output was:
系统找不到指定的文件。


Compiling the C compiler identification source file "CMakeCCompilerId.c" failed.
Compiler: D:/Visual/VC/Tools/MSVC/14.29.30133/bin/Hostx86/x86/cl.exe
Build flags: /DWIN32;/D_WINDOWS
Id flags: -Aa 

The output was:
系统找不到指定的文件。


Compiling the C compiler identification source file "CMakeCCompilerId.c" failed.
Compiler: D:/Visual/VC/Tools/MSVC/14.29.30133/bin/Hostx86/x86/cl.exe
Build flags: /DWIN32;/D_WINDOWS
Id flags: -D__CLASSIC_C__ 

The output was:
系统找不到指定的文件。


Compiling the C compiler identification source file "CMakeCCompilerId.c" failed.
Compiler: D:/Visual/VC/Tools/MSVC/14.29.30133/bin/Hostx86/x86/cl.exe
Build flags: /DWIN32;/D_WINDOWS
Id flags: --target=arm-arm-none-eabi;-mcpu=cortex-m3 

The output was:
系统找不到指定的文件。


Compiling the C compiler identification source file "CMakeCCompilerId.c" failed.
Compiler: D:/Visual/VC/Tools/MSVC/14.29.30133/bin/Hostx86/x86/cl.exe
Build flags: 
Id flags:  

The output was:
系统找不到指定的文件。


Compiling the C compiler identification source file "CMakeCCompilerId.c" failed.
Compiler: D:/Visual/VC/Tools/MSVC/14.29.30133/bin/Hostx86/x86/cl.exe
Build flags: 
Id flags: -c 

The output was:
系统找不到指定的文件。


Compiling the C compiler identification source file "CMakeCCompilerId.c" failed.
Compiler: D:/Visual/VC/Tools/MSVC/14.29.30133/bin/Hostx86/x86/cl.exe
Build flags: 
Id flags: -Aa 

The output was:
系统找不到指定的文件。


Compiling the C compiler identification source file "CMakeCCompilerId.c" failed.
Compiler: D:/Visual/VC/Tools/MSVC/14.29.30133/bin/Hostx86/x86/cl.exe
Build flags: 
Id flags: -D__CLASSIC_C__ 

The output was:
系统找不到指定的文件。


Compiling the C compiler identification source file "CMakeCCompilerId.c" failed.
Compiler: D:/Visual/VC/Tools/MSVC/14.29.30133/bin/Hostx86/x86/cl.exe
Build flags: 
Id flags: --target=arm-arm-none-eabi;-mcpu=cortex-m3 

The output was:
系统找不到指定的文件。


Checking whether the C compiler is IAR using "" did not match "IAR .+ Compiler":
Checking whether the C compiler is IAR using "" did not match "IAR .+ Compiler":
Compiling the CXX compiler identification source file "CMakeCXXCompilerId.cpp" failed.
Compiler: D:/Visual/VC/Tools/MSVC/14.29.30133/bin/Hostx86/x86/cl.exe
Build flags: /DWIN32;/D_WINDOWS;/GR;/EHsc
Id flags:  

The output was:
系统找不到指定的文件。


Compiling the CXX compiler identification source file "CMakeCXXCompilerId.cpp" failed.
Compiler: D:/Visual/VC/Tools/MSVC/14.29.30133/bin/Hostx86/x86/cl.exe
Build flags: /DWIN32;/D_WINDOWS;/GR;/EHsc
Id flags: -c 

The output was:
系统找不到指定的文件。


Compiling the CXX compiler identification source file "CMakeCXXCompilerId.cpp" failed.
Compiler: D:/Visual/VC/Tools/MSVC/14.29.30133/bin/Hostx86/x86/cl.exe
Build flags: /DWIN32;/D_WINDOWS;/GR;/EHsc
Id flags: --c++ 

The output was:
系统找不到指定的文件。


Compiling the CXX compiler identification source file "CMakeCXXCompilerId.cpp" failed.
Compiler: D:/Visual/VC/Tools/MSVC/14.29.30133/bin/Hostx86/x86/cl.exe
Build flags: /DWIN32;/D_WINDOWS;/GR;/EHsc
Id flags: --ec++ 

The output was:
系统找不到指定的文件。


Compiling the CXX compiler identification source file "CMakeCXXCompilerId.cpp" failed.
Compiler: D:/Visual/VC/Tools/MSVC/14.29.30133/bin/Hostx86/x86/cl.exe
Build flags: /DWIN32;/D_WINDOWS;/GR;/EHsc
Id flags: --target=arm-arm-none-eabi;-mcpu=cortex-m3 

The output was:
系统找不到指定的文件。


Compiling the CXX compiler identification source file "CMakeCXXCompilerId.cpp" failed.
Compiler: D:/Visual/VC/Tools/MSVC/14.29.30133/bin/Hostx86/x86/cl.exe
Build flags: 
Id flags:  

The output was:
系统找不到指定的文件。


Compiling the CXX compiler identification source file "CMakeCXXCompilerId.cpp" failed.
Compiler: D:/Visual/VC/Tools/MSVC/14.29.30133/bin/Hostx86/x86/cl.exe
Build flags: 
Id flags: -c 

The output was:
系统找不到指定的文件。


Compiling the CXX compiler identification source file "CMakeCXXCompilerId.cpp" failed.
Compiler: D:/Visual/VC/Tools/MSVC/14.29.30133/bin/Hostx86/x86/cl.exe
Build flags: 
Id flags: --c++ 

The output was:
系统找不到指定的文件。


Compiling the CXX compiler identification source file "CMakeCXXCompilerId.cpp" failed.
Compiler: D:/Visual/VC/Tools/MSVC/14.29.30133/bin/Hostx86/x86/cl.exe
Build flags: 
Id flags: --ec++ 

The output was:
系统找不到指定的文件。


Compiling the CXX compiler identification source file "CMakeCXXCompilerId.cpp" failed.
Compiler: D:/Visual/VC/Tools/MSVC/14.29.30133/bin/Hostx86/x86/cl.exe
Build flags: 
Id flags: --target=arm-arm-none-eabi;-mcpu=cortex-m3 

The output was:
系统找不到指定的文件。


Checking whether the CXX compiler is IAR using "" did not match "IAR .+ Compiler":
Checking whether the CXX compiler is IAR using "" did not match "IAR .+ Compiler":
Compiling the CXX compiler identification source file "CMakeCXXCompilerId.cpp" failed.
Compiler: D:/Visual/VC/Tools/MSVC/14.29.30133/bin/Hostx86/x86/cl.exe
Build flags: /DWIN32;/D_WINDOWS;/GR;/EHsc
Id flags:  

The output was:
系统找不到指定的文件。


Compiling the CXX compiler identification source file "CMakeCXXCompilerId.cpp" failed.
Compiler: D:/Visual/VC/Tools/MSVC/14.29.30133/bin/Hostx86/x86/cl.exe
Build flags: /DWIN32;/D_WINDOWS;/GR;/EHsc
Id flags: -c 

The output was:
系统找不到指定的文件。


Compiling the CXX compiler identification source file "CMakeCXXCompilerId.cpp" failed.
Compiler: D:/Visual/VC/Tools/MSVC/14.29.30133/bin/Hostx86/x86/cl.exe
Build flags: /DWIN32;/D_WINDOWS;/GR;/EHsc
Id flags: --c++ 

The output was:
系统找不到指定的文件。


Compiling the CXX compiler identification source file "CMakeCXXCompilerId.cpp" failed.
Compiler: D:/Visual/VC/Tools/MSVC/14.29.30133/bin/Hostx86/x86/cl.exe
Build flags: /DWIN32;/D_WINDOWS;/GR;/EHsc
Id flags: --ec++ 

The output was:
系统找不到指定的文件。


Compiling the CXX compiler identification source file "CMakeCXXCompilerId.cpp" failed.
Compiler: D:/Visual/VC/Tools/MSVC/14.29.30133/bin/Hostx86/x86/cl.exe
Build flags: /DWIN32;/D_WINDOWS;/GR;/EHsc
Id flags: --target=arm-arm-none-eabi;-mcpu=cortex-m3 

The output was:
系统找不到指定的文件。


Compiling the CXX compiler identification source file "CMakeCXXCompilerId.cpp" failed.
Compiler: D:/Visual/VC/Tools/MSVC/14.29.30133/bin/Hostx86/x86/cl.exe
Build flags: 
Id flags:  

The output was:
系统找不到指定的文件。


Compiling the CXX compiler identification source file "CMakeCXXCompilerId.cpp" failed.
Compiler: D:/Visual/VC/Tools/MSVC/14.29.30133/bin/Hostx86/x86/cl.exe
Build flags: 
Id flags: -c 

The output was:
系统找不到指定的文件。


Compiling the CXX compiler identification source file "CMakeCXXCompilerId.cpp" failed.
Compiler: D:/Visual/VC/Tools/MSVC/14.29.30133/bin/Hostx86/x86/cl.exe
Build flags: 
Id flags: --c++ 

The output was:
系统找不到指定的文件。


Compiling the CXX compiler identification source file "CMakeCXXCompilerId.cpp" failed.
Compiler: D:/Visual/VC/Tools/MSVC/14.29.30133/bin/Hostx86/x86/cl.exe
Build flags: 
Id flags: --ec++ 

The output was:
系统找不到指定的文件。


Compiling the CXX compiler identification source file "CMakeCXXCompilerId.cpp" failed.
Compiler: D:/Visual/VC/Tools/MSVC/14.29.30133/bin/Hostx86/x86/cl.exe
Build flags: 
Id flags: --target=arm-arm-none-eabi;-mcpu=cortex-m3 

The output was:
系统找不到指定的文件。


Checking whether the CXX compiler is IAR using "" did not match "IAR .+ Compiler":
Checking whether the CXX compiler is IAR using "" did not match "IAR .+ Compiler":
Detecting C compiler ABI info failed to compile with the following output:
Change Dir: D:/C++/CppLearn/cmake-build-debug/CMakeFiles/CMakeTmp

Run Build Command(s):nmake -f Makefile /nologo cmTC_02def\fast && 	D:\Visual\VC\Tools\MSVC\14.29.30133\bin\HostX86\x86\nmake.exe  -f CMakeFiles\cmTC_02def.dir\build.make /nologo -L                  CMakeFiles\cmTC_02def.dir\build

Building C object CMakeFiles/cmTC_02def.dir/CMakeCCompilerABI.c.obj

	"D:\CLion 2021.2.2\bin\cmake\win\bin\cmake.exe" -E cmake_cl_compile_depends --dep-file=CMakeFiles\cmTC_02def.dir\CMakeCCompilerABI.c.obj.d --working-dir=D:\C++\CppLearn\cmake-build-debug\CMakeFiles\CMakeTmp --filter-prefix="" -- D:\Visual\VC\Tools\MSVC\14.29.30133\bin\Hostx86\x86\cl.exe @C:\Users\12784\AppData\Local\Temp\nmE296.tmp

NMAKE : fatal error U1077: “"D:\CLion 2021.2.2\bin\cmake\win\bin\cmake.exe"”: 返回代码“0xc0000409”

Stop.

NMAKE : fatal error U1077: “D:\Visual\VC\Tools\MSVC\14.29.30133\bin\HostX86\x86\nmake.exe”: 返回代码“0x2”

Stop.





Compiling the CXX compiler identification source file "CMakeCXXCompilerId.cpp" failed.
Compiler: D:/Visual/VC/Tools/MSVC/14.29.30133/bin/Hostx86/x86/cl.exe
Build flags: /DWIN32;/D_WINDOWS;/GR;/EHsc
Id flags:  

The output was:
系统找不到指定的文件。


Compiling the CXX compiler identification source file "CMakeCXXCompilerId.cpp" failed.
Compiler: D:/Visual/VC/Tools/MSVC/14.29.30133/bin/Hostx86/x86/cl.exe
Build flags: /DWIN32;/D_WINDOWS;/GR;/EHsc
Id flags: -c 

The output was:
系统找不到指定的文件。


Compiling the CXX compiler identification source file "CMakeCXXCompilerId.cpp" failed.
Compiler: D:/Visual/VC/Tools/MSVC/14.29.30133/bin/Hostx86/x86/cl.exe
Build flags: /DWIN32;/D_WINDOWS;/GR;/EHsc
Id flags: --c++ 

The output was:
系统找不到指定的文件。


Compiling the CXX compiler identification source file "CMakeCXXCompilerId.cpp" failed.
Compiler: D:/Visual/VC/Tools/MSVC/14.29.30133/bin/Hostx86/x86/cl.exe
Build flags: /DWIN32;/D_WINDOWS;/GR;/EHsc
Id flags: --ec++ 

The output was:
系统找不到指定的文件。


Compiling the CXX compiler identification source file "CMakeCXXCompilerId.cpp" failed.
Compiler: D:/Visual/VC/Tools/MSVC/14.29.30133/bin/Hostx86/x86/cl.exe
Build flags: /DWIN32;/D_WINDOWS;/GR;/EHsc
Id flags: --target=arm-arm-none-eabi;-mcpu=cortex-m3 

The output was:
系统找不到指定的文件。


Compiling the CXX compiler identification source file "CMakeCXXCompilerId.cpp" failed.
Compiler: D:/Visual/VC/Tools/MSVC/14.29.30133/bin/Hostx86/x86/cl.exe
Build flags: 
Id flags:  

The output was:
系统找不到指定的文件。


Compiling the CXX compiler identification source file "CMakeCXXCompilerId.cpp" failed.
Compiler: D:/Visual/VC/Tools/MSVC/14.29.30133/bin/Hostx86/x86/cl.exe
Build flags: 
Id flags: -c 

The output was:
系统找不到指定的文件。


Compiling the CXX compiler identification source file "CMakeCXXCompilerId.cpp" failed.
Compiler: D:/Visual/VC/Tools/MSVC/14.29.30133/bin/Hostx86/x86/cl.exe
Build flags: 
Id flags: --c++ 

The output was:
系统找不到指定的文件。


Compiling the CXX compiler identification source file "CMakeCXXCompilerId.cpp" failed.
Compiler: D:/Visual/VC/Tools/MSVC/14.29.30133/bin/Hostx86/x86/cl.exe
Build flags: 
Id flags: --ec++ 

The output was:
系统找不到指定的文件。


Compiling the CXX compiler identification source file "CMakeCXXCompilerId.cpp" failed.
Compiler: D:/Visual/VC/Tools/MSVC/14.29.30133/bin/Hostx86/x86/cl.exe
Build flags: 
Id flags: --target=arm-arm-none-eabi;-mcpu=cortex-m3 

The output was:
系统找不到指定的文件。


Checking whether the CXX compiler is IAR using "" did not match "IAR .+ Compiler":
Checking whether the CXX compiler is IAR using "" did not match "IAR .+ Compiler":
Compiling the CXX compiler identification source file "CMakeCXXCompilerId.cpp" failed.
Compiler: D:/Visual/VC/Tools/MSVC/14.29.30133/bin/Hostx86/x86/cl.exe
Build flags: /DWIN32;/D_WINDOWS;/GR;/EHsc
Id flags:  

The output was:
系统找不到指定的文件。


Compiling the CXX compiler identification source file "CMakeCXXCompilerId.cpp" failed.
Compiler: D:/Visual/VC/Tools/MSVC/14.29.30133/bin/Hostx86/x86/cl.exe
Build flags: /DWIN32;/D_WINDOWS;/GR;/EHsc
Id flags: -c 

The output was:
系统找不到指定的文件。


Compiling the CXX compiler identification source file "CMakeCXXCompilerId.cpp" failed.
Compiler: D:/Visual/VC/Tools/MSVC/14.29.30133/bin/Hostx86/x86/cl.exe
Build flags: /DWIN32;/D_WINDOWS;/GR;/EHsc
Id flags: --c++ 

The output was:
系统找不到指定的文件。


Compiling the CXX compiler identification source file "CMakeCXXCompilerId.cpp" failed.
Compiler: D:/Visual/VC/Tools/MSVC/14.29.30133/bin/Hostx86/x86/cl.exe
Build flags: /DWIN32;/D_WINDOWS;/GR;/EHsc
Id flags: --ec++ 

The output was:
系统找不到指定的文件。


Compiling the CXX compiler identification source file "CMakeCXXCompilerId.cpp" failed.
Compiler: D:/Visual/VC/Tools/MSVC/14.29.30133/bin/Hostx86/x86/cl.exe
Build flags: /DWIN32;/D_WINDOWS;/GR;/EHsc
Id flags: --target=arm-arm-none-eabi;-mcpu=cortex-m3 

The output was:
系统找不到指定的文件。


Compiling the CXX compiler identification source file "CMakeCXXCompilerId.cpp" failed.
Compiler: D:/Visual/VC/Tools/MSVC/14.29.30133/bin/Hostx86/x86/cl.exe
Build flags: 
Id flags:  

The output was:
系统找不到指定的文件。


Compiling the CXX compiler identification source file "CMakeCXXCompilerId.cpp" failed.
Compiler: D:/Visual/VC/Tools/MSVC/14.29.30133/bin/Hostx86/x86/cl.exe
Build flags: 
Id flags: -c 

The output was:
系统找不到指定的文件。


Compiling the CXX compiler identification source file "CMakeCXXCompilerId.cpp" failed.
Compiler: D:/Visual/VC/Tools/MSVC/14.29.30133/bin/Hostx86/x86/cl.exe
Build flags: 
Id flags: --c++ 

The output was:
系统找不到指定的文件。


Compiling the CXX compiler identification source file "CMakeCXXCompilerId.cpp" failed.
Compiler: D:/Visual/VC/Tools/MSVC/14.29.30133/bin/Hostx86/x86/cl.exe
Build flags: 
Id flags: --ec++ 

The output was:
系统找不到指定的文件。


Compiling the CXX compiler identification source file "CMakeCXXCompilerId.cpp" failed.
Compiler: D:/Visual/VC/Tools/MSVC/14.29.30133/bin/Hostx86/x86/cl.exe
Build flags: 
Id flags: --target=arm-arm-none-eabi;-mcpu=cortex-m3 

The output was:
系统找不到指定的文件。


Checking whether the CXX compiler is IAR using "" did not match "IAR .+ Compiler":
Checking whether the CXX compiler is IAR using "" did not match "IAR .+ Compiler":
Detecting CXX compiler ABI info failed to compile with the following output:
Change Dir: D:/C++/CppLearn/cmake-build-debug/CMakeFiles/CMakeTmp

Run Build Command(s):nmake -f Makefile /nologo cmTC_22e33\fast && 	D:\Visual\VC\Tools\MSVC\14.29.30133\bin\HostX86\x86\nmake.exe  -f CMakeFiles\cmTC_22e33.dir\build.make /nologo -L                  CMakeFiles\cmTC_22e33.dir\build
Building CXX object CMakeFiles/cmTC_22e33.dir/CMakeCXXCompilerABI.cpp.obj
	"D:\CLion 2021.2.2\bin\cmake\win\bin\cmake.exe" -E cmake_cl_compile_depends --dep-file=CMakeFiles\cmTC_22e33.dir\CMakeCXXCompilerABI.cpp.obj.d --working-dir=D:\C++\CppLearn\cmake-build-debug\CMakeFiles\CMakeTmp --filter-prefix="" -- D:\Visual\VC\Tools\MSVC\14.29.30133\bin\Hostx86\x86\cl.exe @C:\Users\12784\AppData\Local\Temp\nm4CB1.tmp
NMAKE : fatal error U1077: “"D:\CLion 2021.2.2\bin\cmake\win\bin\cmake.exe"”: 返回代码“0xc0000409”
Stop.
NMAKE : fatal error U1077: “D:\Visual\VC\Tools\MSVC\14.29.30133\bin\HostX86\x86\nmake.exe”: 返回代码“0x2”
Stop.




